  Camera.cpp
  Loader.cpp
Loader.cpp(48): warning C4244: 'return' : conversion de 'std::streamoff' en 'long', perte possible de données
  MaterialLoader.cpp
  MaterialManager.cpp
  Model.cpp
  ModelBullet.cpp
  ModelLibrary.cpp
  ModelLoader.cpp
  ModelRender.cpp
  Object.cpp
  ObjectLibrary.cpp
  ObjectLoader.cpp
  ObjectManager.cpp
  Scene.cpp
  ModelManager.cpp
  Window.cpp
opengl32.lib(OPENGL32.dll) : warning LNK4006: __NULL_IMPORT_DESCRIPTOR dÚjÓ dÚfini dans glew32d.lib(glew32d.dll)á; seconde dÚfinition ignorÚe
gdi32.lib(GDI32.dll) : warning LNK4006: __NULL_IMPORT_DESCRIPTOR dÚjÓ dÚfini dans glew32d.lib(glew32d.dll)á; seconde dÚfinition ignorÚe
  OpenGL.vcxproj -> D:\Documents\Users\Guy\Programmation\C++\OpenGL\OpenGL\Release\OpenGL.lib
