d:\documents\users\guy\programmation\c++\opengl\opengl\opengl\release\opengl.pch
d:\documents\users\guy\programmation\c++\opengl\opengl\opengl\release\opengl.pdb
d:\documents\users\guy\programmation\c++\opengl\opengl\opengl\release\stdafx.obj
d:\documents\users\guy\programmation\c++\opengl\opengl\opengl\release\modelmanager.obj
d:\documents\users\guy\programmation\c++\opengl\opengl\opengl\release\shadermanager.obj
d:\documents\users\guy\programmation\c++\opengl\opengl\opengl\release\shaderlibrary.obj
d:\documents\users\guy\programmation\c++\opengl\opengl\opengl\release\shader.obj
d:\documents\users\guy\programmation\c++\opengl\opengl\opengl\release\scene.obj
d:\documents\users\guy\programmation\c++\opengl\opengl\opengl\release\player.obj
d:\documents\users\guy\programmation\c++\opengl\opengl\opengl\release\objectmanager.obj
d:\documents\users\guy\programmation\c++\opengl\opengl\opengl\release\objectloader.obj
d:\documents\users\guy\programmation\c++\opengl\opengl\opengl\release\objectlibrary.obj
d:\documents\users\guy\programmation\c++\opengl\opengl\opengl\release\object.obj
d:\documents\users\guy\programmation\c++\opengl\opengl\opengl\release\modelrender.obj
d:\documents\users\guy\programmation\c++\opengl\opengl\opengl\release\modelloader.obj
d:\documents\users\guy\programmation\c++\opengl\opengl\opengl\release\modellibrary.obj
d:\documents\users\guy\programmation\c++\opengl\opengl\opengl\release\modelbullet.obj
d:\documents\users\guy\programmation\c++\opengl\opengl\opengl\release\model.obj
d:\documents\users\guy\programmation\c++\opengl\opengl\opengl\release\material.obj
d:\documents\users\guy\programmation\c++\opengl\opengl\opengl\release\loader.obj
d:\documents\users\guy\programmation\c++\opengl\opengl\opengl\release\light.obj
d:\documents\users\guy\programmation\c++\opengl\opengl\opengl\release\controller.obj
d:\documents\users\guy\programmation\c++\opengl\opengl\opengl\release\camera.obj
d:\documents\users\guy\programmation\c++\opengl\opengl\opengl\release\window.obj
d:\documents\users\guy\programmation\c++\opengl\opengl\opengl\release\texture.obj
d:\documents\users\guy\programmation\c++\opengl\opengl\release\opengl.lib
d:\documents\users\guy\programmation\c++\opengl\opengl\opengl\release\opengl.tlog\cl.command.1.tlog
d:\documents\users\guy\programmation\c++\opengl\opengl\opengl\release\opengl.tlog\cl.read.1.tlog
d:\documents\users\guy\programmation\c++\opengl\opengl\opengl\release\opengl.tlog\cl.write.1.tlog
d:\documents\users\guy\programmation\c++\opengl\opengl\opengl\release\opengl.tlog\lib-link.read.1.tlog
d:\documents\users\guy\programmation\c++\opengl\opengl\opengl\release\opengl.tlog\lib-link.write.1.tlog
d:\documents\users\guy\programmation\c++\opengl\opengl\opengl\release\opengl.tlog\lib.command.1.tlog
d:\documents\users\guy\programmation\c++\opengl\opengl\opengl\release\opengl.tlog\metagen.read.1.tlog
d:\documents\users\guy\programmation\c++\opengl\opengl\opengl\release\opengl.tlog\metagen.write.1.tlog
d:\documents\users\guy\programmation\c++\opengl\opengl\opengl\release\opengl.tlog\tzres.dll.bi
